<?xml version="1.0" encoding="UTF-8"?>
<!-- Generated by org.testng.reporters.JUnitReportReporter -->
<testsuite hostname="DESKTOP-R4AJ65A" failures="0" tests="1" name="com.sampleproject.testcases.TC01_GETRequest" time="16.271" errors="0" timestamp="25 Jul 2024 17:06:03 GMT" skipped="0">
  <testcase classname="com.sampleproject.testcases.TC01_GETRequest" name="getEmployeeDetails" time="16.271"/>
</testsuite> <!-- com.sampleproject.testcases.TC01_GETRequest -->
